# JRE version: Java(TM) SE Runtime Environment (8.0_221-b11) (build 1.8.0_221-b11)
# Java VM: Java HotSpot(TM) 64-Bit Server VM (25.221-b11 mixed mode windows-amd64 compressed oops)
Heap:
 PSYoungGen      total 354816K, used 92516K [0x000000076e100000, 0x0000000786b80000, 0x00000007c0000000)
  eden space 336896K, 27% used [0x000000076e100000,0x0000000773b59268,0x0000000782a00000)
  from space 17920K, 0% used [0x0000000783b00000,0x0000000783b00000,0x0000000784c80000)
  to   space 17408K, 0% used [0x0000000782a00000,0x0000000782a00000,0x0000000783b00000)
 ParOldGen       total 193024K, used 34546K [0x00000006ca200000, 0x00000006d5e80000, 0x000000076e100000)
  object space 193024K, 17% used [0x00000006ca200000,0x00000006cc3bc810,0x00000006d5e80000)
 Metaspace       used 58845K, capacity 62586K, committed 62744K, reserved 1103872K
  class space    used 8000K, capacity 8652K, committed 8752K, reserved 1048576K
GC Heap History (10 events):
Event: 6.635 GC heap before
{Heap before GC invocations=11 (full 2):
 PSYoungGen      total 217088K, used 11774K [0x000000076e100000, 0x0000000782300000, 0x00000007c0000000)
  eden space 205312K, 0% used [0x000000076e100000,0x000000076e100000,0x000000077a980000)
  from space 11776K, 99% used [0x000000077a980000,0x000000077b4ffbd8,0x000000077b500000)
  to   space 14336K, 0% used [0x0000000781500000,0x0000000781500000,0x0000000782300000)
 ParOldGen       total 82432K, used 9546K [0x00000006ca200000, 0x00000006cf280000, 0x000000076e100000)
  object space 82432K, 11% used [0x00000006ca200000,0x00000006cab52908,0x00000006cf280000)
 Metaspace       used 34133K, capacity 35420K, committed 35496K, reserved 1079296K
  class space    used 4570K, capacity 4862K, committed 4912K, reserved 1048576K
Event: 6.721 GC heap after
Heap after GC invocations=11 (full 2):
 PSYoungGen      total 217088K, used 0K [0x000000076e100000, 0x0000000782300000, 0x00000007c0000000)
  eden space 205312K, 0% used [0x000000076e100000,0x000000076e100000,0x000000077a980000)
  from space 11776K, 0% used [0x000000077a980000,0x000000077a980000,0x000000077b500000)
  to   space 14336K, 0% used [0x0000000781500000,0x0000000781500000,0x0000000782300000)
 ParOldGen       total 131584K, used 19043K [0x00000006ca200000, 0x00000006d2280000, 0x000000076e100000)
  object space 131584K, 14% used [0x00000006ca200000,0x00000006cb498f30,0x00000006d2280000)
 Metaspace       used 34133K, capacity 35420K, committed 35496K, reserved 1079296K
  class space    used 4570K, capacity 4862K, committed 4912K, reserved 1048576K
}
Event: 8.020 GC heap before
{Heap before GC invocations=12 (full 2):
 PSYoungGen      total 217088K, used 205312K [0x000000076e100000, 0x0000000782300000, 0x00000007c0000000)
  eden space 205312K, 100% used [0x000000076e100000,0x000000077a980000,0x000000077a980000)
  from space 11776K, 0% used [0x000000077a980000,0x000000077a980000,0x000000077b500000)
  to   space 14336K, 0% used [0x0000000781500000,0x0000000781500000,0x0000000782300000)
 ParOldGen       total 131584K, used 19043K [0x00000006ca200000, 0x00000006d2280000, 0x000000076e100000)
  object space 131584K, 14% used [0x00000006ca200000,0x00000006cb498f30,0x00000006d2280000)
 Metaspace       used 40407K, capacity 42514K, committed 42544K, reserved 1085440K
  class space    used 5485K, capacity 5907K, committed 5936K, reserved 1048576K
Event: 8.033 GC heap after
Heap after GC invocations=12 (full 2):
 PSYoungGen      total 276480K, used 10571K [0x000000076e100000, 0x0000000781f80000, 0x00000007c0000000)
  eden space 265728K, 0% used [0x000000076e100000,0x000000076e100000,0x000000077e480000)
  from space 10752K, 98% used [0x0000000781500000,0x0000000781f52f08,0x0000000781f80000)
  to   space 14848K, 0% used [0x0000000780280000,0x0000000780280000,0x0000000781100000)
 ParOldGen       total 131584K, used 19051K [0x00000006ca200000, 0x00000006d2280000, 0x000000076e100000)
  object space 131584K, 14% used [0x00000006ca200000,0x00000006cb49af30,0x00000006d2280000)
 Metaspace       used 40407K, capacity 42514K, committed 42544K, reserved 1085440K
  class space    used 5485K, capacity 5907K, committed 5936K, reserved 1048576K
}
Event: 10.878 GC heap before
{Heap before GC invocations=13 (full 2):
 PSYoungGen      total 276480K, used 276299K [0x000000076e100000, 0x0000000781f80000, 0x00000007c0000000)
  eden space 265728K, 100% used [0x000000076e100000,0x000000077e480000,0x000000077e480000)
  from space 10752K, 98% used [0x0000000781500000,0x0000000781f52f08,0x0000000781f80000)
  to   space 14848K, 0% used [0x0000000780280000,0x0000000780280000,0x0000000781100000)
 ParOldGen       total 131584K, used 19051K [0x00000006ca200000, 0x00000006d2280000, 0x000000076e100000)
  object space 131584K, 14% used [0x00000006ca200000,0x00000006cb49af30,0x00000006d2280000)
 Metaspace       used 49931K, capacity 52966K, committed 53296K, reserved 1095680K
  class space    used 6829K, capacity 7356K, committed 7472K, reserved 1048576K
Event: 10.893 GC heap after
Heap after GC invocations=13 (full 2):
 PSYoungGen      total 311296K, used 14836K [0x000000076e100000, 0x0000000784c80000, 0x00000007c0000000)
  eden space 296448K, 0% used [0x000000076e100000,0x000000076e100000,0x0000000780280000)
  from space 14848K, 99% used [0x0000000780280000,0x00000007810fd310,0x0000000781100000)
  to   space 17920K, 0% used [0x0000000783b00000,0x0000000783b00000,0x0000000784c80000)
 ParOldGen       total 131584K, used 22615K [0x00000006ca200000, 0x00000006d2280000, 0x000000076e100000)
  object space 131584K, 17% used [0x00000006ca200000,0x00000006cb815f10,0x00000006d2280000)
 Metaspace       used 49931K, capacity 52966K, committed 53296K, reserved 1095680K
  class space    used 6829K, capacity 7356K, committed 7472K, reserved 1048576K
}
Event: 13.173 GC heap before
{Heap before GC invocations=14 (full 2):
 PSYoungGen      total 311296K, used 166666K [0x000000076e100000, 0x0000000784c80000, 0x00000007c0000000)
  eden space 296448K, 51% used [0x000000076e100000,0x0000000777545618,0x0000000780280000)
  from space 14848K, 99% used [0x0000000780280000,0x00000007810fd310,0x0000000781100000)
  to   space 17920K, 0% used [0x0000000783b00000,0x0000000783b00000,0x0000000784c80000)
 ParOldGen       total 131584K, used 22615K [0x00000006ca200000, 0x00000006d2280000, 0x000000076e100000)
  object space 131584K, 17% used [0x00000006ca200000,0x00000006cb815f10,0x00000006d2280000)
 Metaspace       used 55782K, capacity 59142K, committed 59160K, reserved 1099776K
  class space    used 7629K, capacity 8228K, committed 8240K, reserved 1048576K
Event: 13.188 GC heap after
Heap after GC invocations=14 (full 2):
 PSYoungGen      total 354816K, used 10156K [0x000000076e100000, 0x0000000786b80000, 0x00000007c0000000)
  eden space 336896K, 0% used [0x000000076e100000,0x000000076e100000,0x0000000782a00000)
  from space 17920K, 56% used [0x0000000783b00000,0x00000007844eb178,0x0000000784c80000)
  to   space 17408K, 0% used [0x0000000782a00000,0x0000000782a00000,0x0000000783b00000)
 ParOldGen       total 131584K, used 34981K [0x00000006ca200000, 0x00000006d2280000, 0x000000076e100000)
  object space 131584K, 26% used [0x00000006ca200000,0x00000006cc429778,0x00000006d2280000)
 Metaspace       used 55782K, capacity 59142K, committed 59160K, reserved 1099776K
  class space    used 7629K, capacity 8228K, committed 8240K, reserved 1048576K
}
Event: 13.188 GC heap before
{Heap before GC invocations=15 (full 3):
 PSYoungGen      total 354816K, used 10156K [0x000000076e100000, 0x0000000786b80000, 0x00000007c0000000)
  eden space 336896K, 0% used [0x000000076e100000,0x000000076e100000,0x0000000782a00000)
  from space 17920K, 56% used [0x0000000783b00000,0x00000007844eb178,0x0000000784c80000)
  to   space 17408K, 0% used [0x0000000782a00000,0x0000000782a00000,0x0000000783b00000)
 ParOldGen       total 131584K, used 34981K [0x00000006ca200000, 0x00000006d2280000, 0x000000076e100000)
  object space 131584K, 26% used [0x00000006ca200000,0x00000006cc429778,0x00000006d2280000)
 Metaspace       used 55782K, capacity 59142K, committed 59160K, reserved 1099776K
  class space    used 7629K, capacity 8228K, committed 8240K, reserved 1048576K
Event: 13.328 GC heap after
Heap after GC invocations=15 (full 3):
 PSYoungGen      total 354816K, used 0K [0x000000076e100000, 0x0000000786b80000, 0x00000007c0000000)
  eden space 336896K, 0% used [0x000000076e100000,0x000000076e100000,0x0000000782a00000)
  from space 17920K, 0% used [0x0000000783b00000,0x0000000783b00000,0x0000000784c80000)
  to   space 17408K, 0% used [0x0000000782a00000,0x0000000782a00000,0x0000000783b00000)
 ParOldGen       total 193024K, used 34546K [0x00000006ca200000, 0x00000006d5e80000, 0x000000076e100000)
  object space 193024K, 17% used [0x00000006ca200000,0x00000006cc3bc810,0x00000006d5e80000)
 Metaspace       used 55782K, capacity 59142K, committed 59160K, reserved 1099776K
  class space    used 7629K, capacity 8228K, committed 8240K, reserved 1048576K
}

